VirtualBox XPCOM Server 5.2.22_Debian r126257 linux.amd64 (Nov  9 2018 15:00:34) release log
00:00:00.002952 main     Log opened 2018-12-04T17:54:39.580201000Z
00:00:00.002983 main     Build Type: release
00:00:00.002995 main     OS Product: Linux
00:00:00.002998 main     OS Release: 4.9.0-8-amd64
00:00:00.003027 main     OS Version: #1 SMP Debian 4.9.110-3+deb9u6 (2018-10-08)
00:00:00.003163 main     DMI Product Name: XPS 13 9350
00:00:00.003210 main     DMI Product Version: 
00:00:00.003581 main     Host RAM: 7605MB (7.4GB) total, 6839MB (6.6GB) available
00:00:00.003595 main     Executable: /usr/lib/virtualbox/VBoxSVC
00:00:00.003597 main     Process ID: 4215
00:00:00.003624 main     Package type: LINUX_64BITS_GENERIC (OSE)
00:00:00.014630 main     IPC socket path: /tmp/.vbox-anon-ipc/ipcd
00:00:00.144277 nspr-2   VirtualBox: object creation starts
00:00:00.145840 nspr-2   Home directory: '/home/anon/.config/VirtualBox'
00:00:00.147554 nspr-2   Loading settings file "/home/anon/.config/VirtualBox/VirtualBox.xml" with version "1.12-linux"
00:00:00.185268 nspr-2   NetIfAdpCtlOut: VBoxNetAdpCtl: Error while retrieving link status for wlp58s0: VBoxNetAdpCtl: ioctl failed: Operation not supported
00:00:00.189964 nspr-2   NAT: resolv.conf: nameserver 128.194.254.1
00:00:00.190088 nspr-2   NAT: resolv.conf: nameserver 128.194.254.2
00:00:00.190125 nspr-2   NAT: resolv.conf: nameserver 128.194.254.3
00:00:00.190182 nspr-2   HostDnsMonitor: old information
00:00:00.190217 nspr-2     no server entries
00:00:00.190226 nspr-2     no domain set
00:00:00.190258 nspr-2     no search string entries
00:00:00.190266 nspr-2   HostDnsMonitor: new information
00:00:00.190299 nspr-2     server 1: 128.194.254.1
00:00:00.190308 nspr-2     server 2: 128.194.254.2
00:00:00.190342 nspr-2     server 3: 128.194.254.3
00:00:00.190349 nspr-2     no domain set
00:00:00.190382 nspr-2     no search string entries
00:00:00.190425 nspr-2   HostDnsMonitorProxy::notify
00:00:00.208331 nspr-2   Failed to open "/dev/vboxdrvu", errno=13, rc=VERR_VM_DRIVER_NOT_ACCESSIBLE
00:00:00.219254 nspr-2   VD: VDInit finished with VINF_SUCCESS
00:00:00.220689 nspr-2   ERROR [COM]: aRC=NS_ERROR_FAILURE (0x80004005) aIID={0eb668d2-495e-5a36-8890-29999b5f030c} aComponent={SystemPropertiesWrap} aText={Cannot determine default Guest Additions ISO location. Most likely they are not available}, preserve=false aResultDetail=0
00:00:00.224917 nspr-2   VirtualBox: object created
00:00:04.987698 nspr-2   Saving settings file "/home/anon/.config/VirtualBox/VirtualBox.xml" with version "1.12-linux"
00:00:10.574991 main     VirtualBox: object deletion starts
00:00:10.729757 Watcher  ERROR [COM]: aRC=E_ACCESSDENIED (0x80070005) aIID={9570b9d5-f1a1-448a-10c5-e12f5285adad} aComponent={VirtualBoxWrap} aText={The object is not ready}, preserve=false aResultDetail=0
00:00:15.577366 main     {00007f4f800140b0} HostPowerServiceLinux::~HostPowerServiceLinux: RTThreadWait() for 5000 ms failed with VERR_TIMEOUT
00:00:15.578667 main     VirtualBox: object deleted
